<?xml version="1.0" encoding="utf-8"?><testsuites name="pytest tests"><testsuite name="pytest" errors="1" failures="0" skipped="0" tests="1" time="0.196" timestamp="2026-02-17T16:02:19.792509+00:00" hostname="agent-env-20ef2da8-92bf-4c77-80f2-7ce3b7c9ba9a"><testcase classname="" name="tests.test_api" time="0.000"><error message="collection failure">tests/test_api.py:9: in &lt;module&gt;
    BASE_URL = os.environ.get('EXPO_PUBLIC_BACKEND_URL').rstrip('/')
               ^^^^^^^^^^^^^^^^^^^^^^^^^^^^^^^^^^^^^^^^^^^^^^^^
E   AttributeError: 'NoneType' object has no attribute 'rstrip'</error></testcase></testsuite></testsuites>