<?xml version="1.0" encoding="utf-8"?><testsuites name="pytest tests"><testsuite name="pytest" errors="0" failures="0" skipped="0" tests="14" time="4.398" timestamp="2026-02-17T16:02:31.190159+00:00" hostname="agent-env-20ef2da8-92bf-4c77-80f2-7ce3b7c9ba9a"><testcase classname="tests.test_api.TestPublicEndpoints" name="test_get_categories" time="0.251" /><testcase classname="tests.test_api.TestPublicEndpoints" name="test_get_category_first_aid" time="0.143" /><testcase classname="tests.test_api.TestPublicEndpoints" name="test_get_topic_cpr" time="0.671" /><testcase classname="tests.test_api.TestPublicEndpoints" name="test_search_cpr" time="0.159" /><testcase classname="tests.test_api.TestPublicEndpoints" name="test_search_empty_query" time="0.166" /><testcase classname="tests.test_api.TestPublicEndpoints" name="test_get_category_not_found" time="0.179" /><testcase classname="tests.test_api.TestPublicEndpoints" name="test_get_topic_not_found" time="0.158" /><testcase classname="tests.test_api.TestAuthGatedEndpoints" name="test_bookmarks_post_without_auth" time="0.211" /><testcase classname="tests.test_api.TestAuthGatedEndpoints" name="test_bookmarks_get_without_auth" time="0.191" /><testcase classname="tests.test_api.TestAuthGatedEndpoints" name="test_bookmarks_delete_without_auth" time="0.145" /><testcase classname="tests.test_api.TestAuthGatedEndpoints" name="test_auth_me_without_session" time="0.138" /><testcase classname="tests.test_api.TestDataIntegrity" name="test_all_categories_have_topics" time="1.148" /><testcase classname="tests.test_api.TestDataIntegrity" name="test_topic_belongs_to_correct_category" time="0.635" /><testcase classname="tests.test_api.TestDataIntegrity" name="test_search_returns_valid_topics" time="0.131" /></testsuite></testsuites>